#
# There is insufficient memory for the Java Runtime Environment to continue.
# Native memory allocation (malloc) failed to allocate 1048576 bytes. Error detail: AllocateHeap
# Possible reasons:
#   The system is out of physical RAM or swap space
#   This process is running with CompressedOops enabled, and the Java Heap may be blocking the growth of the native heap
# Possible solutions:
#   Reduce memory load on the system
#   Increase physical memory or swap space
#   Check if swap backing store is full
#   Decrease Java heap size (-Xmx/-Xms)
#   Decrease number of Java threads
#   Decrease Java thread stack sizes (-Xss)
#   Set larger code cache with -XX:ReservedCodeCacheSize=
#   JVM is running with Unscaled Compressed Oops mode in which the Java heap is
#     placed in the first 4GB address space. The Java Heap base address is the
#     maximum limit for the native heap growth. Please use -XX:HeapBaseMinAddress
#     to set the Java Heap base and to place the Java Heap above 4GB virtual address.
# This output file may be truncated or incomplete.
#
#  Out of Memory Error (allocation.cpp:44), pid=28232, tid=16576
#
# JRE version: OpenJDK Runtime Environment Temurin-21.0.8+9 (21.0.8+9) (build 21.0.8+9-LTS)
# Java VM: OpenJDK 64-Bit Server VM Temurin-21.0.8+9 (21.0.8+9-LTS, mixed mode, sharing, tiered, compressed oops, compressed class ptrs, parallel gc, windows-amd64)
# No core dump will be written. Minidumps are not enabled by default on client versions of Windows
#

---------------  S U M M A R Y ------------

Command Line: --add-modules=ALL-SYSTEM --add-opens=java.base/java.util=ALL-UNNAMED --add-opens=java.base/java.lang=ALL-UNNAMED --add-opens=java.base/sun.nio.fs=ALL-UNNAMED -Declipse.application=org.eclipse.jdt.ls.core.id1 -Dosgi.bundles.defaultStartLevel=4 -Declipse.product=org.eclipse.jdt.ls.core.product -Djava.import.generatesMetadataFilesAtProjectRoot=false -DDetectVMInstallationsJob.disabled=true -Dfile.encoding=utf8 -XX:+UseParallelGC -XX:GCTimeRatio=4 -XX:AdaptiveSizePolicyWeight=90 -Dsun.zip.disableMemoryMapping=true -Xmx2G -Xms100m -Xlog:disable -javaagent:c:\Users\saise\.vscode\extensions\redhat.java-1.45.0-win32-x64\lombok\lombok-1.18.39-4050.jar -XX:+HeapDumpOnOutOfMemoryError -XX:HeapDumpPath=c:\Users\saise\AppData\Roaming\Code\User\workspaceStorage\b80fb7e592a4633a8e6caa44db30aa53\redhat.java -Daether.dependencyCollector.impl=bf c:\Users\saise\.vscode\extensions\redhat.java-1.45.0-win32-x64\server\plugins\org.eclipse.equinox.launcher_1.7.0.v20250519-0528.jar -configuration c:\Users\saise\AppData\Roaming\Code\User\globalStorage\redhat.java\1.45.0\config_win -data c:\Users\saise\AppData\Roaming\Code\User\workspaceStorage\b80fb7e592a4633a8e6caa44db30aa53\redhat.java\jdt_ws --pipe=\\.\pipe\lsp-e54064ad1e453690ec0d50a216a27847-sock

Host: 13th Gen Intel(R) Core(TM) i5-1334U, 12 cores, 7G,  Windows 11 , 64 bit Build 26100 (10.0.26100.5074)
Time: Sat Sep 20 16:46:50 2025 India Standard Time elapsed time: 25201.516110 seconds (0d 7h 0m 1s)

---------------  T H R E A D  ---------------

Current thread (0x0000026b3e115860):  JavaThread "Attach Listener" daemon [_thread_in_vm, id=16576, stack(0x0000006ccc500000,0x0000006ccc600000) (1024K)]

Stack: [0x0000006ccc500000,0x0000006ccc600000]
Native frames: (J=compiled Java code, j=interpreted, Vv=VM code, C=native code)
V  [jvm.dll+0x6d2449]
V  [jvm.dll+0x8ae341]
V  [jvm.dll+0x8b08be]
V  [jvm.dll+0x8b0fa3]
V  [jvm.dll+0x280c96]
V  [jvm.dll+0xc0347]
V  [jvm.dll+0x6d2cf9]
V  [jvm.dll+0x131116]
V  [jvm.dll+0x3f2d16]
V  [jvm.dll+0x857e6b]
V  [jvm.dll+0x6d0b0d]
C  [ucrtbase.dll+0x37b0]
C  [KERNEL32.DLL+0x2e8d7]
C  [ntdll.dll+0x8d9c]


---------------  P R O C E S S  ---------------

Threads class SMR info:
_java_thread_list=0x0000026ba0a88760, length=45, elements={
0x0000026b3bc497b0, 0x0000026b3e10efd0, 0x0000026b3e1110b0, 0x0000026b3e114c10,
0x0000026b3e115860, 0x0000026b3e1174c0, 0x0000026b3e11b480, 0x0000026b3e11e640,
0x0000026b3e12a4d0, 0x0000026b96f1b5a0, 0x0000026b970a6420, 0x0000026b9c873760,
0x0000026b9c830e30, 0x0000026b9c899050, 0x0000026b9c885070, 0x0000026b96ead850,
0x0000026b9cb098e0, 0x0000026b9c617c40, 0x0000026b9c614e50, 0x0000026b9c6147c0,
0x0000026b9c616f20, 0x0000026b9f43bea0, 0x0000026b9f43cbc0, 0x0000026b9f43d250,
0x0000026b9f43c530, 0x0000026b9f43d8e0, 0x0000026b9f43df70, 0x0000026b9f43e600,
0x0000026b9f43b180, 0x0000026b9f43b810, 0x0000026b9d1d9f90, 0x0000026b9d1db340,
0x0000026b9d1db9d0, 0x0000026b9d1dcd80, 0x0000026b9d1dd410, 0x0000026b9d1dc060,
0x0000026b9d1ddaa0, 0x0000026b9e853770, 0x0000026b9e856bf0, 0x0000026b9e8516a0,
0x0000026b9e855840, 0x0000026b9e855ed0, 0x0000026b9c616890, 0x0000026b9d1e15b0,
0x0000026b9d1e0200
}

Java Threads: ( => current thread )
  0x0000026b3bc497b0 JavaThread "main"                              [_thread_blocked, id=27800, stack(0x0000006ccbe00000,0x0000006ccbf00000) (1024K)]
  0x0000026b3e10efd0 JavaThread "Reference Handler"          daemon [_thread_blocked, id=28424, stack(0x0000006ccc200000,0x0000006ccc300000) (1024K)]
  0x0000026b3e1110b0 JavaThread "Finalizer"                  daemon [_thread_blocked, id=19232, stack(0x0000006ccc300000,0x0000006ccc400000) (1024K)]
  0x0000026b3e114c10 JavaThread "Signal Dispatcher"          daemon [_thread_blocked, id=20052, stack(0x0000006ccc400000,0x0000006ccc500000) (1024K)]
=>0x0000026b3e115860 JavaThread "Attach Listener"            daemon [_thread_in_vm, id=16576, stack(0x0000006ccc500000,0x0000006ccc600000) (1024K)]
  0x0000026b3e1174c0 JavaThread "Service Thread"             daemon [_thread_blocked, id=15988, stack(0x0000006ccc600000,0x0000006ccc700000) (1024K)]
  0x0000026b3e11b480 JavaThread "Monitor Deflation Thread"   daemon [_thread_blocked, id=25968, stack(0x0000006ccc700000,0x0000006ccc800000) (1024K)]
  0x0000026b3e11e640 JavaThread "C2 CompilerThread0"         daemon [_thread_blocked, id=27236, stack(0x0000006ccc800000,0x0000006ccc900000) (1024K)]
  0x0000026b3e12a4d0 JavaThread "C1 CompilerThread0"         daemon [_thread_blocked, id=13392, stack(0x0000006ccc900000,0x0000006ccca00000) (1024K)]
  0x0000026b96f1b5a0 JavaThread "Common-Cleaner"             daemon [_thread_blocked, id=14412, stack(0x0000006ccca00000,0x0000006cccb00000) (1024K)]
  0x0000026b970a6420 JavaThread "Notification Thread"        daemon [_thread_blocked, id=27716, stack(0x0000006cccc00000,0x0000006cccd00000) (1024K)]
  0x0000026b9c873760 JavaThread "Active Thread: Equinox Container: 090c706b-b47c-4f3e-86e1-b80bce60fded"        [_thread_blocked, id=8704, stack(0x0000006cccb00000,0x0000006cccc00000) (1024K)]
  0x0000026b9c830e30 JavaThread "Refresh Thread: Equinox Container: 090c706b-b47c-4f3e-86e1-b80bce60fded" daemon [_thread_blocked, id=9516, stack(0x0000006ccd400000,0x0000006ccd500000) (1024K)]
  0x0000026b9c899050 JavaThread "Framework Event Dispatcher: Equinox Container: 090c706b-b47c-4f3e-86e1-b80bce60fded" daemon [_thread_blocked, id=23384, stack(0x0000006ccd600000,0x0000006ccd700000) (1024K)]
  0x0000026b9c885070 JavaThread "Start Level: Equinox Container: 090c706b-b47c-4f3e-86e1-b80bce60fded" daemon [_thread_blocked, id=14480, stack(0x0000006ccd700000,0x0000006ccd800000) (1024K)]
  0x0000026b96ead850 JavaThread "Bundle File Closer"         daemon [_thread_blocked, id=18884, stack(0x0000006ccd900000,0x0000006ccda00000) (1024K)]
  0x0000026b9cb098e0 JavaThread "SCR Component Actor"        daemon [_thread_blocked, id=2008, stack(0x0000006ccda00000,0x0000006ccdb00000) (1024K)]
  0x0000026b9c617c40 JavaThread "Worker-JM"                         [_thread_blocked, id=8836, stack(0x0000006ccdc00000,0x0000006ccdd00000) (1024K)]
  0x0000026b9c614e50 JavaThread "JNA Cleaner"                daemon [_thread_blocked, id=29436, stack(0x0000006ccdd00000,0x0000006ccde00000) (1024K)]
  0x0000026b9c6147c0 JavaThread "Worker-0"                          [_thread_blocked, id=27644, stack(0x0000006ccde00000,0x0000006ccdf00000) (1024K)]
  0x0000026b9c616f20 JavaThread "Java indexing"              daemon [_thread_blocked, id=3568, stack(0x0000006cce100000,0x0000006cce200000) (1024K)]
  0x0000026b9f43bea0 JavaThread "Thread-2"                   daemon [_thread_in_native, id=4596, stack(0x0000006cce600000,0x0000006cce700000) (1024K)]
  0x0000026b9f43cbc0 JavaThread "Thread-3"                   daemon [_thread_in_native, id=23300, stack(0x0000006cce700000,0x0000006cce800000) (1024K)]
  0x0000026b9f43d250 JavaThread "Thread-4"                   daemon [_thread_in_native, id=27616, stack(0x0000006cce800000,0x0000006cce900000) (1024K)]
  0x0000026b9f43c530 JavaThread "Thread-5"                   daemon [_thread_in_native, id=11472, stack(0x0000006cce900000,0x0000006ccea00000) (1024K)]
  0x0000026b9f43d8e0 JavaThread "Thread-6"                   daemon [_thread_in_native, id=26600, stack(0x0000006ccea00000,0x0000006cceb00000) (1024K)]
  0x0000026b9f43df70 JavaThread "Thread-7"                   daemon [_thread_in_native, id=23244, stack(0x0000006cceb00000,0x0000006ccec00000) (1024K)]
  0x0000026b9f43e600 JavaThread "Thread-8"                   daemon [_thread_in_native, id=2784, stack(0x0000006ccec00000,0x0000006cced00000) (1024K)]
  0x0000026b9f43b180 JavaThread "Thread-9"                   daemon [_thread_in_native, id=26236, stack(0x0000006cced00000,0x0000006ccee00000) (1024K)]
  0x0000026b9f43b810 JavaThread "Thread-10"                  daemon [_thread_in_native, id=12160, stack(0x0000006ccee00000,0x0000006ccef00000) (1024K)]
  0x0000026b9d1d9f90 JavaThread "Thread-11"                  daemon [_thread_in_native, id=29552, stack(0x0000006ccef00000,0x0000006ccf000000) (1024K)]
  0x0000026b9d1db340 JavaThread "Thread-12"                  daemon [_thread_in_native, id=23296, stack(0x0000006ccf000000,0x0000006ccf100000) (1024K)]
  0x0000026b9d1db9d0 JavaThread "Thread-13"                  daemon [_thread_in_native, id=24752, stack(0x0000006ccf100000,0x0000006ccf200000) (1024K)]
  0x0000026b9d1dcd80 JavaThread "Thread-14"                  daemon [_thread_in_native, id=20472, stack(0x0000006ccf200000,0x0000006ccf300000) (1024K)]
  0x0000026b9d1dd410 JavaThread "pool-2-thread-1"                   [_thread_blocked, id=20324, stack(0x0000006ccf300000,0x0000006ccf400000) (1024K)]
  0x0000026b9d1dc060 JavaThread "WorkspaceEventsHandler"            [_thread_blocked, id=2496, stack(0x0000006ccf400000,0x0000006ccf500000) (1024K)]
  0x0000026b9d1ddaa0 JavaThread "pool-1-thread-1"                   [_thread_blocked, id=27400, stack(0x0000006ccf500000,0x0000006ccf600000) (1024K)]
  0x0000026b9e853770 JavaThread "Worker-4"                          [_thread_blocked, id=5396, stack(0x0000006cd0100000,0x0000006cd0200000) (1024K)]
  0x0000026b9e856bf0 JavaThread "Cleaner-0"                  daemon [_thread_blocked, id=19404, stack(0x0000006cce000000,0x0000006cce100000) (1024K)]
  0x0000026b9e8516a0 JavaThread "Java Debug Server"          daemon [_thread_in_native, id=15284, stack(0x0000006ccbb00000,0x0000006ccbc00000) (1024K)]
  0x0000026b9e855840 JavaThread "RxSchedulerPurge-1"         daemon [_thread_blocked, id=25992, stack(0x0000006ccbd00000,0x0000006ccbe00000) (1024K)]
  0x0000026b9e855ed0 JavaThread "RxCachedWorkerPoolEvictor-1" daemon [_thread_blocked, id=29040, stack(0x0000006ccdb00000,0x0000006ccdc00000) (1024K)]
  0x0000026b9c616890 JavaThread "process reaper (pid 21192)" daemon [_thread_in_native, id=13172, stack(0x0000006ccb7b0000,0x0000006ccb7d0000) (128K)]
  0x0000026b9d1e15b0 JavaThread "pool-4-thread-2"                   [_thread_in_native, id=12148, stack(0x0000006ccdf00000,0x0000006cce000000) (1024K)]
  0x0000026b9d1e0200 JavaThread "RxNewThreadScheduler-3"     daemon [_thread_blocked, id=9904, stack(0x0000006cce400000,0x0000006cce500000) (1024K)]
Total: 45

Other Threads:
  0x0000026b3e004990 VMThread "VM Thread"                           [id=8164, stack(0x0000006ccc100000,0x0000006ccc200000) (1024K)]
  0x0000026b3defcb20 WatcherThread "VM Periodic Task Thread"        [id=10648, stack(0x0000006ccc000000,0x0000006ccc100000) (1024K)]
  0x0000026b3e08be20 WorkerThread "GC Thread#0"                     [id=5948, stack(0x0000006ccbf00000,0x0000006ccc000000) (1024K)]
  0x0000026b9c4ea810 WorkerThread "GC Thread#1"                     [id=25900, stack(0x0000006cccd00000,0x0000006ccce00000) (1024K)]
  0x0000026b9c4e9250 WorkerThread "GC Thread#2"                     [id=23864, stack(0x0000006ccce00000,0x0000006cccf00000) (1024K)]
  0x0000026b9c4ea0d0 WorkerThread "GC Thread#3"                     [id=12748, stack(0x0000006cccf00000,0x0000006ccd000000) (1024K)]
  0x0000026b9c4e95f0 WorkerThread "GC Thread#4"                     [id=5712, stack(0x0000006ccd000000,0x0000006ccd100000) (1024K)]
  0x0000026b9c4ea470 WorkerThread "GC Thread#5"                     [id=24800, stack(0x0000006ccd100000,0x0000006ccd200000) (1024K)]
  0x0000026b9c4e9990 WorkerThread "GC Thread#6"                     [id=25320, stack(0x0000006ccd200000,0x0000006ccd300000) (1024K)]
  0x0000026b9c4e8eb0 WorkerThread "GC Thread#7"                     [id=19912, stack(0x0000006ccd500000,0x0000006ccd600000) (1024K)]
  0x0000026b9c9c1450 WorkerThread "GC Thread#8"                     [id=14840, stack(0x0000006ccd300000,0x0000006ccd400000) (1024K)]
  0x0000026b9c9c3fd0 WorkerThread "GC Thread#9"                     [id=28940, stack(0x0000006ccd800000,0x0000006ccd900000) (1024K)]
Total: 12

Threads with active compile tasks:
Total: 0

VM state: not at safepoint (normal execution)

VM Mutex/Monitor currently owned by a thread: None

Heap address: 0x0000000080000000, size: 2048 MB, Compressed Oops mode: 32-bit

CDS archive(s) mapped at: [0x0000026b55000000-0x0000026b55ba0000-0x0000026b55ba0000), size 12189696, SharedBaseAddress: 0x0000026b55000000, ArchiveRelocationMode: 1.
Compressed class space mapped at: 0x0000026b56000000-0x0000026b96000000, reserved size: 1073741824
Narrow klass base: 0x0000026b55000000, Narrow klass shift: 0, Narrow klass range: 0x100000000

GC Precious Log:
 CardTable entry size: 512
 CPUs: 12 total, 12 available
 Memory: 7876M
 Large Page Support: Disabled
 NUMA Support: Disabled
 Compressed Oops: Enabled (32-bit)
 Alignments: Space 512K, Generation 512K, Heap 2M
 Heap Min Capacity: 100M
 Heap Initial Capacity: 100M
 Heap Max Capacity: 2G
 Pre-touch: Disabled
 Parallel Workers: 10

Heap:
 PSYoungGen      total 2048K, used 313K [0x00000000d5580000, 0x00000000d5c00000, 0x0000000100000000)
  eden space 1536K, 9% used [0x00000000d5580000,0x00000000d55a6470,0x00000000d5700000)
  from space 512K, 31% used [0x00000000d5b00000,0x00000000d5b28000,0x00000000d5b80000)
  to   space 512K, 0% used [0x00000000d5b80000,0x00000000d5b80000,0x00000000d5c00000)
 ParOldGen       total 146944K, used 139968K [0x0000000080000000, 0x0000000088f80000, 0x00000000d5580000)
  object space 146944K, 95% used [0x0000000080000000,0x00000000888b02a8,0x0000000088f80000)
 Metaspace       used 71624K, committed 73280K, reserved 1114112K
  class space    used 7693K, committed 8384K, reserved 1048576K

Card table byte_map: [0x0000026b3da10000,0x0000026b3de20000] _byte_map_base: 0x0000026b3d610000

Marking Bits: (ParMarkBitMap*) 0x00007ffa6341a340
 Begin Bits: [0x0000026b50510000, 0x0000026b52510000)
 End Bits:   [0x0000026b52510000, 0x0000026b54510000)

Polling page: 0x0000026b3bf10000

Metaspace:

Usage:
  Non-class:     62.43 MB used.
      Class:      7.51 MB used.
       Both:     69.95 MB used.

Virtual space:
  Non-class space:       64.00 MB reserved,      63.38 MB (>99%) committed,  1 nodes.
      Class space:        1.00 GB reserved,       8.19 MB ( <1%) committed,  1 nodes.
             Both:        1.06 GB reserved,      71.56 MB (  7%) committed. 

Chunk freelists:
   Non-Class:  496.00 KB
       Class:  7.70 MB
        Both:  8.19 MB

MaxMetaspaceSize: unlimited
CompressedClassSpaceSize: 1.00 GB
Initial GC threshold: 21.00 MB
Current GC threshold: 97.31 MB
CDS: on
 - commit_granule_bytes: 65536.
 - commit_granule_words: 8192.
 - virtual_space_node_default_size: 8388608.
 - enlarge_chunks_in_place: 1.
 - use_allocation_guard: 0.


Internal statistics:

num_allocs_failed_limit: 9.
num_arena_births: 1316.
num_arena_deaths: 14.
num_vsnodes_births: 2.
num_vsnodes_deaths: 0.
num_space_committed: 1145.
num_space_uncommitted: 0.
num_chunks_returned_to_freelist: 23.
num_chunks_taken_from_freelist: 4731.
num_chunk_merges: 10.
num_chunk_splits: 2891.
num_chunks_enlarged: 1609.
num_inconsistent_stats: 0.

CodeHeap 'non-profiled nmethods': size=120000Kb used=7161Kb max_used=7161Kb free=112838Kb
 bounds [0x0000026b48d30000, 0x0000026b49430000, 0x0000026b50260000]
CodeHeap 'profiled nmethods': size=120000Kb used=24561Kb max_used=24561Kb free=95438Kb
 bounds [0x0000026b41260000, 0x0000026b42a60000, 0x0000026b48790000]
CodeHeap 'non-nmethods': size=5760Kb used=1461Kb max_used=1508Kb free=4298Kb
 bounds [0x0000026b48790000, 0x0000026b48a00000, 0x0000026b48d30000]
CodeCache: size=245760Kb, used=33183Kb, max_used=33230Kb, free=212574Kb
 total_blobs=12060, nmethods=11272, adapters=693, full_count=0
Compilation: enabled, stopped_count=0, restarted_count=0

Compilation events (20 events):
Event: 17405.928 Thread 0x0000026b3e11e640 12076       4       java.util.concurrent.ThreadPoolExecutor::runStateAtLeast (11 bytes)
Event: 17405.930 Thread 0x0000026b3e11e640 nmethod 12076 0x0000026b4942d290 code [0x0000026b4942d400, 0x0000026b4942d478]
Event: 17715.336 Thread 0x0000026b3e11e640 12077       4       java.lang.Math::min (12 bytes)
Event: 17715.348 Thread 0x0000026b3e11e640 nmethod 12077 0x0000026b4942d590 code [0x0000026b4942d700, 0x0000026b4942d778]
Event: 19319.508 Thread 0x0000026b3e12a4d0 12078   !   3       org.eclipse.core.internal.jobs.JobManager::changeState (511 bytes)
Event: 19319.694 Thread 0x0000026b3e12a4d0 nmethod 12078 0x0000026b42a57710 code [0x0000026b42a57ba0, 0x0000026b42a59c20]
Event: 20348.174 Thread 0x0000026b3e12a4d0 12079       3       org.eclipse.jdt.ls.core.internal.handlers.ProgressReporterManager$ProgressReporter::sendProgress (78 bytes)
Event: 20348.266 Thread 0x0000026b3e12a4d0 nmethod 12079 0x0000026b42a5ad90 code [0x0000026b42a5afa0, 0x0000026b42a5b5f8]
Event: 21248.390 Thread 0x0000026b3e11e640 12080       4       java.lang.invoke.DirectMethodHandle$Holder::invokeStatic (17 bytes)
Event: 21248.437 Thread 0x0000026b3e12a4d0 12081       3       java.security.MessageDigest::update (11 bytes)
Event: 21248.442 Thread 0x0000026b3e11e640 nmethod 12080 0x0000026b4942d890 code [0x0000026b4942da20, 0x0000026b4942db08]
Event: 21248.454 Thread 0x0000026b3e12a4d0 nmethod 12081 0x0000026b42a5b810 code [0x0000026b42a5b9c0, 0x0000026b42a5bc80]
Event: 21248.454 Thread 0x0000026b3e12a4d0 12082       3       java.security.MessageDigest$Delegate::engineUpdate (9 bytes)
Event: 21248.455 Thread 0x0000026b3e12a4d0 nmethod 12082 0x0000026b42a5bd90 code [0x0000026b42a5bf40, 0x0000026b42a5c118]
Event: 21248.455 Thread 0x0000026b3e12a4d0 12083       3       sun.security.provider.DigestBase::engineUpdate (32 bytes)
Event: 21248.463 Thread 0x0000026b3e12a4d0 nmethod 12083 0x0000026b42a5c210 code [0x0000026b42a5c3c0, 0x0000026b42a5c628]
Event: 23704.512 Thread 0x0000026b3e11e640 12084       4       java.util.concurrent.locks.ReentrantReadWriteLock$Sync::tryReleaseShared (146 bytes)
Event: 23704.650 Thread 0x0000026b3e11e640 nmethod 12084 0x0000026b4942dc10 code [0x0000026b4942dde0, 0x0000026b4942e058]
Event: 24850.841 Thread 0x0000026b3e12a4d0 12085       1       org.eclipse.core.internal.jobs.InternalJob::getPriority (5 bytes)
Event: 24850.877 Thread 0x0000026b3e12a4d0 nmethod 12085 0x0000026b4942e290 code [0x0000026b4942e420, 0x0000026b4942e4e8]

GC Heap History (20 events):
Event: 12989.781 GC heap before
{Heap before GC invocations=199 (full 3):
 PSYoungGen      total 2048K, used 2000K [0x00000000d5580000, 0x00000000d5c00000, 0x0000000100000000)
  eden space 1536K, 97% used [0x00000000d5580000,0x00000000d56f7f38,0x00000000d5700000)
  from space 512K, 97% used [0x00000000d5b00000,0x00000000d5b7c468,0x00000000d5b80000)
  to   space 512K, 0% used [0x00000000d5b80000,0x00000000d5b80000,0x00000000d5c00000)
 ParOldGen       total 146944K, used 139287K [0x0000000080000000, 0x0000000088f80000, 0x00000000d5580000)
  object space 146944K, 94% used [0x0000000080000000,0x0000000088805f98,0x0000000088f80000)
 Metaspace       used 71580K, committed 73216K, reserved 1114112K
  class space    used 7693K, committed 8384K, reserved 1048576K
}
Event: 12989.783 GC heap after
{Heap after GC invocations=199 (full 3):
 PSYoungGen      total 2048K, used 224K [0x00000000d5580000, 0x00000000d5c00000, 0x0000000100000000)
  eden space 1536K, 0% used [0x00000000d5580000,0x00000000d5580000,0x00000000d5700000)
  from space 512K, 43% used [0x00000000d5b80000,0x00000000d5bb8000,0x00000000d5c00000)
  to   space 512K, 0% used [0x00000000d5b00000,0x00000000d5b00000,0x00000000d5b80000)
 ParOldGen       total 146944K, used 139488K [0x0000000080000000, 0x0000000088f80000, 0x00000000d5580000)
  object space 146944K, 94% used [0x0000000080000000,0x0000000088838248,0x0000000088f80000)
 Metaspace       used 71580K, committed 73216K, reserved 1114112K
  class space    used 7693K, committed 8384K, reserved 1048576K
}
Event: 12989.949 GC heap before
{Heap before GC invocations=200 (full 3):
 PSYoungGen      total 2048K, used 1760K [0x00000000d5580000, 0x00000000d5c00000, 0x0000000100000000)
  eden space 1536K, 100% used [0x00000000d5580000,0x00000000d5700000,0x00000000d5700000)
  from space 512K, 43% used [0x00000000d5b80000,0x00000000d5bb8000,0x00000000d5c00000)
  to   space 512K, 0% used [0x00000000d5b00000,0x00000000d5b00000,0x00000000d5b80000)
 ParOldGen       total 146944K, used 139488K [0x0000000080000000, 0x0000000088f80000, 0x00000000d5580000)
  object space 146944K, 94% used [0x0000000080000000,0x0000000088838248,0x0000000088f80000)
 Metaspace       used 71580K, committed 73216K, reserved 1114112K
  class space    used 7693K, committed 8384K, reserved 1048576K
}
Event: 12989.951 GC heap after
{Heap after GC invocations=200 (full 3):
 PSYoungGen      total 2048K, used 320K [0x00000000d5580000, 0x00000000d5c00000, 0x0000000100000000)
  eden space 1536K, 0% used [0x00000000d5580000,0x00000000d5580000,0x00000000d5700000)
  from space 512K, 62% used [0x00000000d5b00000,0x00000000d5b50000,0x00000000d5b80000)
  to   space 512K, 0% used [0x00000000d5b80000,0x00000000d5b80000,0x00000000d5c00000)
 ParOldGen       total 146944K, used 139536K [0x0000000080000000, 0x0000000088f80000, 0x00000000d5580000)
  object space 146944K, 94% used [0x0000000080000000,0x0000000088844248,0x0000000088f80000)
 Metaspace       used 71580K, committed 73216K, reserved 1114112K
  class space    used 7693K, committed 8384K, reserved 1048576K
}
Event: 12990.037 GC heap before
{Heap before GC invocations=201 (full 3):
 PSYoungGen      total 2048K, used 1780K [0x00000000d5580000, 0x00000000d5c00000, 0x0000000100000000)
  eden space 1536K, 95% used [0x00000000d5580000,0x00000000d56ed188,0x00000000d5700000)
  from space 512K, 62% used [0x00000000d5b00000,0x00000000d5b50000,0x00000000d5b80000)
  to   space 512K, 0% used [0x00000000d5b80000,0x00000000d5b80000,0x00000000d5c00000)
 ParOldGen       total 146944K, used 139536K [0x0000000080000000, 0x0000000088f80000, 0x00000000d5580000)
  object space 146944K, 94% used [0x0000000080000000,0x0000000088844248,0x0000000088f80000)
 Metaspace       used 71581K, committed 73216K, reserved 1114112K
  class space    used 7693K, committed 8384K, reserved 1048576K
}
Event: 12990.041 GC heap after
{Heap after GC invocations=201 (full 3):
 PSYoungGen      total 2048K, used 192K [0x00000000d5580000, 0x00000000d5c00000, 0x0000000100000000)
  eden space 1536K, 0% used [0x00000000d5580000,0x00000000d5580000,0x00000000d5700000)
  from space 512K, 37% used [0x00000000d5b80000,0x00000000d5bb0000,0x00000000d5c00000)
  to   space 512K, 0% used [0x00000000d5b00000,0x00000000d5b00000,0x00000000d5b80000)
 ParOldGen       total 146944K, used 139584K [0x0000000080000000, 0x0000000088f80000, 0x00000000d5580000)
  object space 146944K, 94% used [0x0000000080000000,0x0000000088850248,0x0000000088f80000)
 Metaspace       used 71581K, committed 73216K, reserved 1114112K
  class space    used 7693K, committed 8384K, reserved 1048576K
}
Event: 12990.125 GC heap before
{Heap before GC invocations=202 (full 3):
 PSYoungGen      total 2048K, used 1728K [0x00000000d5580000, 0x00000000d5c00000, 0x0000000100000000)
  eden space 1536K, 100% used [0x00000000d5580000,0x00000000d5700000,0x00000000d5700000)
  from space 512K, 37% used [0x00000000d5b80000,0x00000000d5bb0000,0x00000000d5c00000)
  to   space 512K, 0% used [0x00000000d5b00000,0x00000000d5b00000,0x00000000d5b80000)
 ParOldGen       total 146944K, used 139584K [0x0000000080000000, 0x0000000088f80000, 0x00000000d5580000)
  object space 146944K, 94% used [0x0000000080000000,0x0000000088850248,0x0000000088f80000)
 Metaspace       used 71581K, committed 73216K, reserved 1114112K
  class space    used 7693K, committed 8384K, reserved 1048576K
}
Event: 12990.126 GC heap after
{Heap after GC invocations=202 (full 3):
 PSYoungGen      total 2048K, used 224K [0x00000000d5580000, 0x00000000d5c00000, 0x0000000100000000)
  eden space 1536K, 0% used [0x00000000d5580000,0x00000000d5580000,0x00000000d5700000)
  from space 512K, 43% used [0x00000000d5b00000,0x00000000d5b38000,0x00000000d5b80000)
  to   space 512K, 0% used [0x00000000d5b80000,0x00000000d5b80000,0x00000000d5c00000)
 ParOldGen       total 146944K, used 139632K [0x0000000080000000, 0x0000000088f80000, 0x00000000d5580000)
  object space 146944K, 95% used [0x0000000080000000,0x000000008885c248,0x0000000088f80000)
 Metaspace       used 71581K, committed 73216K, reserved 1114112K
  class space    used 7693K, committed 8384K, reserved 1048576K
}
Event: 12991.657 GC heap before
{Heap before GC invocations=203 (full 3):
 PSYoungGen      total 2048K, used 1759K [0x00000000d5580000, 0x00000000d5c00000, 0x0000000100000000)
  eden space 1536K, 99% used [0x00000000d5580000,0x00000000d56fffd8,0x00000000d5700000)
  from space 512K, 43% used [0x00000000d5b00000,0x00000000d5b38000,0x00000000d5b80000)
  to   space 512K, 0% used [0x00000000d5b80000,0x00000000d5b80000,0x00000000d5c00000)
 ParOldGen       total 146944K, used 139632K [0x0000000080000000, 0x0000000088f80000, 0x00000000d5580000)
  object space 146944K, 95% used [0x0000000080000000,0x000000008885c248,0x0000000088f80000)
 Metaspace       used 71581K, committed 73216K, reserved 1114112K
  class space    used 7693K, committed 8384K, reserved 1048576K
}
Event: 12991.661 GC heap after
{Heap after GC invocations=203 (full 3):
 PSYoungGen      total 2048K, used 224K [0x00000000d5580000, 0x00000000d5c00000, 0x0000000100000000)
  eden space 1536K, 0% used [0x00000000d5580000,0x00000000d5580000,0x00000000d5700000)
  from space 512K, 43% used [0x00000000d5b80000,0x00000000d5bb8000,0x00000000d5c00000)
  to   space 512K, 0% used [0x00000000d5b00000,0x00000000d5b00000,0x00000000d5b80000)
 ParOldGen       total 146944K, used 139680K [0x0000000080000000, 0x0000000088f80000, 0x00000000d5580000)
  object space 146944K, 95% used [0x0000000080000000,0x0000000088868248,0x0000000088f80000)
 Metaspace       used 71581K, committed 73216K, reserved 1114112K
  class space    used 7693K, committed 8384K, reserved 1048576K
}
Event: 12992.439 GC heap before
{Heap before GC invocations=204 (full 3):
 PSYoungGen      total 2048K, used 1760K [0x00000000d5580000, 0x00000000d5c00000, 0x0000000100000000)
  eden space 1536K, 100% used [0x00000000d5580000,0x00000000d5700000,0x00000000d5700000)
  from space 512K, 43% used [0x00000000d5b80000,0x00000000d5bb8000,0x00000000d5c00000)
  to   space 512K, 0% used [0x00000000d5b00000,0x00000000d5b00000,0x00000000d5b80000)
 ParOldGen       total 146944K, used 139680K [0x0000000080000000, 0x0000000088f80000, 0x00000000d5580000)
  object space 146944K, 95% used [0x0000000080000000,0x0000000088868248,0x0000000088f80000)
 Metaspace       used 71588K, committed 73216K, reserved 1114112K
  class space    used 7693K, committed 8384K, reserved 1048576K
}
Event: 12992.456 GC heap after
{Heap after GC invocations=204 (full 3):
 PSYoungGen      total 2048K, used 368K [0x00000000d5580000, 0x00000000d5c00000, 0x0000000100000000)
  eden space 1536K, 0% used [0x00000000d5580000,0x00000000d5580000,0x00000000d5700000)
  from space 512K, 71% used [0x00000000d5b00000,0x00000000d5b5c030,0x00000000d5b80000)
  to   space 512K, 0% used [0x00000000d5b80000,0x00000000d5b80000,0x00000000d5c00000)
 ParOldGen       total 146944K, used 139720K [0x0000000080000000, 0x0000000088f80000, 0x00000000d5580000)
  object space 146944K, 95% used [0x0000000080000000,0x0000000088872248,0x0000000088f80000)
 Metaspace       used 71588K, committed 73216K, reserved 1114112K
  class space    used 7693K, committed 8384K, reserved 1048576K
}
Event: 14487.931 GC heap before
{Heap before GC invocations=205 (full 3):
 PSYoungGen      total 2048K, used 1904K [0x00000000d5580000, 0x00000000d5c00000, 0x0000000100000000)
  eden space 1536K, 100% used [0x00000000d5580000,0x00000000d5700000,0x00000000d5700000)
  from space 512K, 71% used [0x00000000d5b00000,0x00000000d5b5c030,0x00000000d5b80000)
  to   space 512K, 0% used [0x00000000d5b80000,0x00000000d5b80000,0x00000000d5c00000)
 ParOldGen       total 146944K, used 139720K [0x0000000080000000, 0x0000000088f80000, 0x00000000d5580000)
  object space 146944K, 95% used [0x0000000080000000,0x0000000088872248,0x0000000088f80000)
 Metaspace       used 71591K, committed 73216K, reserved 1114112K
  class space    used 7693K, committed 8384K, reserved 1048576K
}
Event: 14488.087 GC heap after
{Heap after GC invocations=205 (full 3):
 PSYoungGen      total 2048K, used 288K [0x00000000d5580000, 0x00000000d5c00000, 0x0000000100000000)
  eden space 1536K, 0% used [0x00000000d5580000,0x00000000d5580000,0x00000000d5700000)
  from space 512K, 56% used [0x00000000d5b80000,0x00000000d5bc8000,0x00000000d5c00000)
  to   space 512K, 0% used [0x00000000d5b00000,0x00000000d5b00000,0x00000000d5b80000)
 ParOldGen       total 146944K, used 139912K [0x0000000080000000, 0x0000000088f80000, 0x00000000d5580000)
  object space 146944K, 95% used [0x0000000080000000,0x00000000888a22a8,0x0000000088f80000)
 Metaspace       used 71591K, committed 73216K, reserved 1114112K
  class space    used 7693K, committed 8384K, reserved 1048576K
}
Event: 17769.941 GC heap before
{Heap before GC invocations=206 (full 3):
 PSYoungGen      total 2048K, used 1823K [0x00000000d5580000, 0x00000000d5c00000, 0x0000000100000000)
  eden space 1536K, 99% used [0x00000000d5580000,0x00000000d56fffc8,0x00000000d5700000)
  from space 512K, 56% used [0x00000000d5b80000,0x00000000d5bc8000,0x00000000d5c00000)
  to   space 512K, 0% used [0x00000000d5b00000,0x00000000d5b00000,0x00000000d5b80000)
 ParOldGen       total 146944K, used 139912K [0x0000000080000000, 0x0000000088f80000, 0x00000000d5580000)
  object space 146944K, 95% used [0x0000000080000000,0x00000000888a22a8,0x0000000088f80000)
 Metaspace       used 71617K, committed 73216K, reserved 1114112K
  class space    used 7693K, committed 8384K, reserved 1048576K
}
Event: 17770.101 GC heap after
{Heap after GC invocations=206 (full 3):
 PSYoungGen      total 2048K, used 192K [0x00000000d5580000, 0x00000000d5c00000, 0x0000000100000000)
  eden space 1536K, 0% used [0x00000000d5580000,0x00000000d5580000,0x00000000d5700000)
  from space 512K, 37% used [0x00000000d5b00000,0x00000000d5b30000,0x00000000d5b80000)
  to   space 512K, 0% used [0x00000000d5b80000,0x00000000d5b80000,0x00000000d5c00000)
 ParOldGen       total 146944K, used 139952K [0x0000000080000000, 0x0000000088f80000, 0x00000000d5580000)
  object space 146944K, 95% used [0x0000000080000000,0x00000000888ac2a8,0x0000000088f80000)
 Metaspace       used 71617K, committed 73216K, reserved 1114112K
  class space    used 7693K, committed 8384K, reserved 1048576K
}
Event: 21341.946 GC heap before
{Heap before GC invocations=207 (full 3):
 PSYoungGen      total 2048K, used 1727K [0x00000000d5580000, 0x00000000d5c00000, 0x0000000100000000)
  eden space 1536K, 99% used [0x00000000d5580000,0x00000000d56ffff8,0x00000000d5700000)
  from space 512K, 37% used [0x00000000d5b00000,0x00000000d5b30000,0x00000000d5b80000)
  to   space 512K, 0% used [0x00000000d5b80000,0x00000000d5b80000,0x00000000d5c00000)
 ParOldGen       total 146944K, used 139952K [0x0000000080000000, 0x0000000088f80000, 0x00000000d5580000)
  object space 146944K, 95% used [0x0000000080000000,0x00000000888ac2a8,0x0000000088f80000)
 Metaspace       used 71624K, committed 73280K, reserved 1114112K
  class space    used 7693K, committed 8384K, reserved 1048576K
}
Event: 21342.164 GC heap after
{Heap after GC invocations=207 (full 3):
 PSYoungGen      total 2048K, used 192K [0x00000000d5580000, 0x00000000d5c00000, 0x0000000100000000)
  eden space 1536K, 0% used [0x00000000d5580000,0x00000000d5580000,0x00000000d5700000)
  from space 512K, 37% used [0x00000000d5b80000,0x00000000d5bb0000,0x00000000d5c00000)
  to   space 512K, 0% used [0x00000000d5b00000,0x00000000d5b00000,0x00000000d5b80000)
 ParOldGen       total 146944K, used 139960K [0x0000000080000000, 0x0000000088f80000, 0x00000000d5580000)
  object space 146944K, 95% used [0x0000000080000000,0x00000000888ae2a8,0x0000000088f80000)
 Metaspace       used 71624K, committed 73280K, reserved 1114112K
  class space    used 7693K, committed 8384K, reserved 1048576K
}
Event: 24896.930 GC heap before
{Heap before GC invocations=208 (full 3):
 PSYoungGen      total 2048K, used 1728K [0x00000000d5580000, 0x00000000d5c00000, 0x0000000100000000)
  eden space 1536K, 100% used [0x00000000d5580000,0x00000000d5700000,0x00000000d5700000)
  from space 512K, 37% used [0x00000000d5b80000,0x00000000d5bb0000,0x00000000d5c00000)
  to   space 512K, 0% used [0x00000000d5b00000,0x00000000d5b00000,0x00000000d5b80000)
 ParOldGen       total 146944K, used 139960K [0x0000000080000000, 0x0000000088f80000, 0x00000000d5580000)
  object space 146944K, 95% used [0x0000000080000000,0x00000000888ae2a8,0x0000000088f80000)
 Metaspace       used 71624K, committed 73280K, reserved 1114112K
  class space    used 7693K, committed 8384K, reserved 1048576K
}
Event: 24897.079 GC heap after
{Heap after GC invocations=208 (full 3):
 PSYoungGen      total 2048K, used 160K [0x00000000d5580000, 0x00000000d5c00000, 0x0000000100000000)
  eden space 1536K, 0% used [0x00000000d5580000,0x00000000d5580000,0x00000000d5700000)
  from space 512K, 31% used [0x00000000d5b00000,0x00000000d5b28000,0x00000000d5b80000)
  to   space 512K, 0% used [0x00000000d5b80000,0x00000000d5b80000,0x00000000d5c00000)
 ParOldGen       total 146944K, used 139968K [0x0000000080000000, 0x0000000088f80000, 0x00000000d5580000)
  object space 146944K, 95% used [0x0000000080000000,0x00000000888b02a8,0x0000000088f80000)
 Metaspace       used 71624K, committed 73280K, reserved 1114112K
  class space    used 7693K, committed 8384K, reserved 1048576K
}

Dll operation events (11 events):
Event: 0.022 Loaded shared library c:\Users\saise\.vscode\extensions\redhat.java-1.45.0-win32-x64\jre\21.0.8-win32-x86_64\bin\java.dll
Event: 0.135 Loaded shared library c:\Users\saise\.vscode\extensions\redhat.java-1.45.0-win32-x64\jre\21.0.8-win32-x86_64\bin\zip.dll
Event: 0.160 Loaded shared library C:\Users\saise\.vscode\extensions\redhat.java-1.45.0-win32-x64\jre\21.0.8-win32-x86_64\bin\instrument.dll
Event: 0.166 Loaded shared library C:\Users\saise\.vscode\extensions\redhat.java-1.45.0-win32-x64\jre\21.0.8-win32-x86_64\bin\net.dll
Event: 0.170 Loaded shared library C:\Users\saise\.vscode\extensions\redhat.java-1.45.0-win32-x64\jre\21.0.8-win32-x86_64\bin\nio.dll
Event: 0.175 Loaded shared library C:\Users\saise\.vscode\extensions\redhat.java-1.45.0-win32-x64\jre\21.0.8-win32-x86_64\bin\zip.dll
Event: 0.204 Loaded shared library C:\Users\saise\.vscode\extensions\redhat.java-1.45.0-win32-x64\jre\21.0.8-win32-x86_64\bin\jimage.dll
Event: 0.314 Loaded shared library c:\Users\saise\.vscode\extensions\redhat.java-1.45.0-win32-x64\jre\21.0.8-win32-x86_64\bin\verify.dll
Event: 4.071 Loaded shared library C:\Users\saise\AppData\Roaming\Code\User\globalStorage\redhat.java\1.45.0\config_win\org.eclipse.equinox.launcher\org.eclipse.equinox.launcher.win32.win32.x86_64_1.2.1400.v20250801-0854\eclipse_11916.dll
Event: 10.224 Loaded shared library C:\Users\saise\AppData\Local\Temp\jna-109199213\jna6294227806576469086.dll
Event: 145.439 Loaded shared library C:\Users\saise\.vscode\extensions\redhat.java-1.45.0-win32-x64\jre\21.0.8-win32-x86_64\bin\extnet.dll

Deoptimization events (20 events):
Event: 12947.786 Thread 0x0000026b9c616890 Uncommon trap: trap_request=0xffffff45 fr.pc=0x0000026b493d18bc relative=0x0000000000000edc
Event: 12947.788 Thread 0x0000026b9c616890 Uncommon trap: reason=unstable_if action=reinterpret pc=0x0000026b493d18bc method=java.util.concurrent.ThreadPoolExecutor.getTask()Ljava/lang/Runnable; @ 62 c2
Event: 12947.789 Thread 0x0000026b9c616890 DEOPT PACKING pc=0x0000026b493d18bc sp=0x0000006ccb7cedb0
Event: 12947.790 Thread 0x0000026b9c616890 DEOPT UNPACKING pc=0x0000026b487e3aa2 sp=0x0000006ccb7ceda0 mode 2
Event: 12948.084 Thread 0x0000026b9e856560 Uncommon trap: trap_request=0xffffff45 fr.pc=0x0000026b493d66b8 relative=0x00000000000006f8
Event: 12948.084 Thread 0x0000026b9e856560 Uncommon trap: reason=unstable_if action=reinterpret pc=0x0000026b493d66b8 method=java.util.concurrent.ScheduledThreadPoolExecutor$ScheduledFutureTask.isPeriodic()Z @ 6 c2
Event: 12948.084 Thread 0x0000026b9e856560 DEOPT PACKING pc=0x0000026b493d66b8 sp=0x0000006ccdffeef0
Event: 12948.085 Thread 0x0000026b9e856560 DEOPT UNPACKING pc=0x0000026b487e3aa2 sp=0x0000006ccdffee70 mode 2
Event: 12948.393 Thread 0x0000026b9e856560 Uncommon trap: trap_request=0xffffff45 fr.pc=0x0000026b493aa80c relative=0x000000000000006c
Event: 12948.393 Thread 0x0000026b9e856560 Uncommon trap: reason=unstable_if action=reinterpret pc=0x0000026b493aa80c method=java.util.concurrent.ThreadPoolExecutor.tryTerminate()V @ 12 c2
Event: 12948.393 Thread 0x0000026b9e856560 DEOPT PACKING pc=0x0000026b493aa80c sp=0x0000006ccdffeac0
Event: 12948.394 Thread 0x0000026b9e856560 DEOPT UNPACKING pc=0x0000026b487e3aa2 sp=0x0000006ccdffea40 mode 2
Event: 12948.394 Thread 0x0000026b9e856560 Uncommon trap: trap_request=0xffffff45 fr.pc=0x0000026b493c3be4 relative=0x0000000000000044
Event: 12948.394 Thread 0x0000026b9e856560 Uncommon trap: reason=unstable_if action=reinterpret pc=0x0000026b493c3be4 method=java.util.concurrent.ThreadPoolExecutor.runStateAtLeast(II)Z @ 2 c2
Event: 12948.394 Thread 0x0000026b9e856560 DEOPT PACKING pc=0x0000026b493c3be4 sp=0x0000006ccdffeea0
Event: 12948.394 Thread 0x0000026b9e856560 DEOPT UNPACKING pc=0x0000026b487e3aa2 sp=0x0000006ccdffee38 mode 2
Event: 12948.940 Thread 0x0000026b9e855840 Uncommon trap: trap_request=0xffffff45 fr.pc=0x0000026b493c4f28 relative=0x0000000000000f48
Event: 12948.943 Thread 0x0000026b9e855840 Uncommon trap: reason=unstable_if action=reinterpret pc=0x0000026b493c4f28 method=java.util.concurrent.ThreadPoolExecutor.runStateAtLeast(II)Z @ 2 c2
Event: 12948.943 Thread 0x0000026b9e855840 DEOPT PACKING pc=0x0000026b493c4f28 sp=0x0000006ccbdfedc0
Event: 12948.947 Thread 0x0000026b9e855840 DEOPT UNPACKING pc=0x0000026b487e3aa2 sp=0x0000006ccbdfecf8 mode 2

Classes loaded (20 events):
Event: 147.752 Loading class java/util/stream/SliceOps$1$1
Event: 147.752 Loading class java/util/stream/SliceOps$1$1 done
Event: 147.785 Loading class java/util/concurrent/CompletableFuture$UniWhenComplete
Event: 147.786 Loading class java/util/concurrent/CompletableFuture$UniWhenComplete done
Event: 147.788 Loading class java/util/concurrent/CompletableFuture$UniCompose
Event: 147.789 Loading class java/util/concurrent/CompletableFuture$UniCompose done
Event: 147.789 Loading class java/util/concurrent/CompletableFuture$UniRelay
Event: 147.789 Loading class java/util/concurrent/CompletableFuture$UniRelay done
Event: 147.922 Loading class java/util/concurrent/ScheduledThreadPoolExecutor$DelayedWorkQueue$Itr
Event: 147.923 Loading class java/util/concurrent/ScheduledThreadPoolExecutor$DelayedWorkQueue$Itr done
Event: 153.039 Loading class java/lang/ProcessHandleImpl$ExitCompletion
Event: 153.040 Loading class java/lang/ProcessHandleImpl$ExitCompletion done
Event: 153.041 Loading class java/lang/ProcessHandleImpl$1
Event: 153.041 Loading class java/lang/ProcessHandleImpl$1 done
Event: 153.044 Loading class java/util/concurrent/CompletableFuture$UniHandle
Event: 153.053 Loading class java/util/concurrent/CompletableFuture$UniHandle done
Event: 10238.443 Loading class java/io/CharArrayReader
Event: 10238.450 Loading class java/io/CharArrayReader done
Event: 10238.459 Loading class java/util/regex/Pattern$Bound
Event: 10238.463 Loading class java/util/regex/Pattern$Bound done

Classes unloaded (7 events):
Event: 11.722 Thread 0x0000026b3e004990 Unloading class 0x0000026b561aa800 'java/lang/invoke/LambdaForm$MH+0x0000026b561aa800'
Event: 11.722 Thread 0x0000026b3e004990 Unloading class 0x0000026b561aa400 'java/lang/invoke/LambdaForm$MH+0x0000026b561aa400'
Event: 11.722 Thread 0x0000026b3e004990 Unloading class 0x0000026b561aa000 'java/lang/invoke/LambdaForm$MH+0x0000026b561aa000'
Event: 11.722 Thread 0x0000026b3e004990 Unloading class 0x0000026b561a9c00 'java/lang/invoke/LambdaForm$MH+0x0000026b561a9c00'
Event: 11.722 Thread 0x0000026b3e004990 Unloading class 0x0000026b561a9800 'java/lang/invoke/LambdaForm$BMH+0x0000026b561a9800'
Event: 11.722 Thread 0x0000026b3e004990 Unloading class 0x0000026b561a9400 'java/lang/invoke/LambdaForm$DMH+0x0000026b561a9400'
Event: 11.722 Thread 0x0000026b3e004990 Unloading class 0x0000026b561a8000 'java/lang/invoke/LambdaForm$DMH+0x0000026b561a8000'

Classes redefined (0 events):
No events

Internal exceptions (20 events):
Event: 147.265 Thread 0x0000026b9e857910 Exception <a 'java/lang/NoSuchMethodError'{0x00000000d562ef88}: 'java.lang.Object java.lang.invoke.DirectMethodHandle$Holder.invokeVirtual(java.lang.Object, java.lang.Object, java.lang.Object, java.lang.Object)'> (0x00000000d562ef88) 
thrown [s\src\hotspot\share\interpreter\linkResolver.cpp, line 773]
Event: 147.429 Thread 0x0000026b9e856560 Exception <a 'java/lang/NoSuchMethodError'{0x00000000d5a45e88}: 'java.lang.Object java.lang.invoke.DirectMethodHandle$Holder.invokeStatic(java.lang.Object, long, java.lang.Object, java.lang.Object)'> (0x00000000d5a45e88) 
thrown [s\src\hotspot\share\interpreter\linkResolver.cpp, line 773]
Event: 147.698 Thread 0x0000026b9e856560 Exception <a 'sun/nio/fs/WindowsException'{0x00000000d5addcd0}> (0x00000000d5addcd0) 
thrown [s\src\hotspot\share\prims\jni.cpp, line 520]
Event: 147.698 Thread 0x0000026b9e856560 Exception <a 'sun/nio/fs/WindowsException'{0x00000000d5aded10}> (0x00000000d5aded10) 
thrown [s\src\hotspot\share\prims\jni.cpp, line 520]
Event: 150.297 Thread 0x0000026b9c6175b0 Exception <a 'java/lang/NoSuchMethodError'{0x00000000d5bc9928}: 'long java.lang.invoke.DelegatingMethodHandle$Holder.reinvoke_L(java.lang.Object, java.lang.Object)'> (0x00000000d5bc9928) 
thrown [s\src\hotspot\share\interpreter\linkResolver.cpp, line 773]
Event: 150.302 Thread 0x0000026b9c6175b0 Exception <a 'java/lang/NoSuchMethodError'{0x00000000d5bd45b0}: 'void java.lang.invoke.DelegatingMethodHandle$Holder.reinvoke_L(java.lang.Object, java.lang.Object, long)'> (0x00000000d5bd45b0) 
thrown [s\src\hotspot\share\interpreter\linkResolver.cpp, line 773]
Event: 153.062 Thread 0x0000026b9c6175b0 Exception <a 'java/lang/NoSuchMethodError'{0x00000000d55a3fa0}: 'long java.lang.invoke.Invokers$Holder.invokeExact_MT(java.lang.Object, java.lang.Object, java.lang.Object)'> (0x00000000d55a3fa0) 
thrown [s\src\hotspot\share\interpreter\linkResolver.cpp, line 773]
Event: 1019.190 Thread 0x0000026b9d1ddaa0 Exception <a 'java/lang/IncompatibleClassChangeError'{0x00000000d56e5a70}: Found class java.lang.Object, but interface was expected> (0x00000000d56e5a70) 
thrown [s\src\hotspot\share\interpreter\linkResolver.cpp, line 840]
Event: 1031.849 Thread 0x0000026b9c615b70 Exception <a 'java/lang/NoSuchMethodError'{0x00000000d5a44088}: 'java.lang.Object java.lang.invoke.DirectMethodHandle$Holder.invokeStaticInit(java.lang.Object, java.lang.Object, java.lang.Object)'> (0x00000000d5a44088) 
thrown [s\src\hotspot\share\interpreter\linkResolver.cpp, line 773]
Event: 8745.911 Thread 0x0000026b9d1ddaa0 Exception <a 'java/lang/IncompatibleClassChangeError'{0x00000000d563b298}: Found class java.lang.Object, but interface was expected> (0x00000000d563b298) 
thrown [s\src\hotspot\share\interpreter\linkResolver.cpp, line 840]
Event: 12988.916 Thread 0x0000026b9d1de130 Exception <a 'sun/nio/fs/WindowsException'{0x00000000d55d6650}> (0x00000000d55d6650) 
thrown [s\src\hotspot\share\prims\jni.cpp, line 520]
Event: 12988.919 Thread 0x0000026b9d1de130 Exception <a 'sun/nio/fs/WindowsException'{0x00000000d55d6f50}> (0x00000000d55d6f50) 
thrown [s\src\hotspot\share\prims\jni.cpp, line 520]
Event: 12988.929 Thread 0x0000026b9d1de130 Exception <a 'sun/nio/fs/WindowsException'{0x00000000d55d8160}> (0x00000000d55d8160) 
thrown [s\src\hotspot\share\prims\jni.cpp, line 520]
Event: 12988.930 Thread 0x0000026b9d1de130 Exception <a 'sun/nio/fs/WindowsException'{0x00000000d55d8c98}> (0x00000000d55d8c98) 
thrown [s\src\hotspot\share\prims\jni.cpp, line 520]
Event: 12988.956 Thread 0x0000026b9d1de130 Exception <a 'sun/nio/fs/WindowsException'{0x00000000d55da8b8}> (0x00000000d55da8b8) 
thrown [s\src\hotspot\share\prims\jni.cpp, line 520]
Event: 12988.956 Thread 0x0000026b9d1de130 Exception <a 'sun/nio/fs/WindowsException'{0x00000000d55dae80}> (0x00000000d55dae80) 
thrown [s\src\hotspot\share\prims\jni.cpp, line 520]
Event: 12989.480 Thread 0x0000026b9d1de130 Exception <a 'sun/nio/fs/WindowsException'{0x00000000d5603d08}> (0x00000000d5603d08) 
thrown [s\src\hotspot\share\prims\jni.cpp, line 520]
Event: 12989.481 Thread 0x0000026b9d1de130 Exception <a 'sun/nio/fs/WindowsException'{0x00000000d5604850}> (0x00000000d5604850) 
thrown [s\src\hotspot\share\prims\jni.cpp, line 520]
Event: 12992.395 Thread 0x0000026b9d1e0200 Exception <a 'sun/nio/fs/WindowsException'{0x00000000d56f57d0}> (0x00000000d56f57d0) 
thrown [s\src\hotspot\share\prims\jni.cpp, line 520]
Event: 12992.395 Thread 0x0000026b9d1e0200 Exception <a 'sun/nio/fs/WindowsException'{0x00000000d56f5e40}> (0x00000000d56f5e40) 
thrown [s\src\hotspot\share\prims\jni.cpp, line 520]

ZGC Phase Switch (0 events):
No events

VM Operations (20 events):
Event: 24940.620 Executing VM operation: HandshakeAllThreads (HandshakeForDeflation)
Event: 24940.620 Executing VM operation: HandshakeAllThreads (HandshakeForDeflation) done
Event: 24940.620 Executing VM operation: RendezvousGCThreads
Event: 24940.620 Executing VM operation: RendezvousGCThreads done
Event: 25000.639 Executing VM operation: HandshakeAllThreads (HandshakeForDeflation)
Event: 25000.652 Executing VM operation: HandshakeAllThreads (HandshakeForDeflation) done
Event: 25000.652 Executing VM operation: RendezvousGCThreads
Event: 25000.653 Executing VM operation: RendezvousGCThreads done
Event: 25060.937 Executing VM operation: HandshakeAllThreads (HandshakeForDeflation)
Event: 25061.094 Executing VM operation: HandshakeAllThreads (HandshakeForDeflation) done
Event: 25061.094 Executing VM operation: RendezvousGCThreads
Event: 25061.104 Executing VM operation: RendezvousGCThreads done
Event: 25120.952 Executing VM operation: HandshakeAllThreads (HandshakeForDeflation)
Event: 25120.958 Executing VM operation: HandshakeAllThreads (HandshakeForDeflation) done
Event: 25120.959 Executing VM operation: RendezvousGCThreads
Event: 25120.959 Executing VM operation: RendezvousGCThreads done
Event: 25181.041 Executing VM operation: HandshakeAllThreads (HandshakeForDeflation)
Event: 25181.204 Executing VM operation: HandshakeAllThreads (HandshakeForDeflation) done
Event: 25181.215 Executing VM operation: RendezvousGCThreads
Event: 25181.215 Executing VM operation: RendezvousGCThreads done

Memory protections (0 events):
No events

Nmethod flushes (20 events):
Event: 24.300 Thread 0x0000026b3e004990 flushing  nmethod 0x0000026b41afd990
Event: 24.300 Thread 0x0000026b3e004990 flushing osr nmethod 0x0000026b41b4f110
Event: 24.300 Thread 0x0000026b3e004990 flushing  nmethod 0x0000026b41b53190
Event: 24.300 Thread 0x0000026b3e004990 flushing  nmethod 0x0000026b41b6c610
Event: 24.300 Thread 0x0000026b3e004990 flushing  nmethod 0x0000026b41b75410
Event: 24.300 Thread 0x0000026b3e004990 flushing  nmethod 0x0000026b41b78c90
Event: 24.300 Thread 0x0000026b3e004990 flushing  nmethod 0x0000026b41b89710
Event: 24.300 Thread 0x0000026b3e004990 flushing  nmethod 0x0000026b41b8a690
Event: 24.300 Thread 0x0000026b3e004990 flushing  nmethod 0x0000026b41b8fc90
Event: 24.300 Thread 0x0000026b3e004990 flushing  nmethod 0x0000026b41ba9510
Event: 24.300 Thread 0x0000026b3e004990 flushing  nmethod 0x0000026b41ba9b10
Event: 24.300 Thread 0x0000026b3e004990 flushing  nmethod 0x0000026b41baa390
Event: 24.300 Thread 0x0000026b3e004990 flushing  nmethod 0x0000026b41baaa90
Event: 24.300 Thread 0x0000026b3e004990 flushing  nmethod 0x0000026b41bad190
Event: 24.300 Thread 0x0000026b3e004990 flushing  nmethod 0x0000026b41bbc390
Event: 24.300 Thread 0x0000026b3e004990 flushing  nmethod 0x0000026b41bc2510
Event: 24.300 Thread 0x0000026b3e004990 flushing  nmethod 0x0000026b41be6510
Event: 24.300 Thread 0x0000026b3e004990 flushing  nmethod 0x0000026b41bf5390
Event: 24.300 Thread 0x0000026b3e004990 flushing  nmethod 0x0000026b41c14e10
Event: 24.300 Thread 0x0000026b3e004990 flushing  nmethod 0x0000026b41c24910

Events (20 events):
Event: 12559.128 Thread 0x0000026b9d1dacb0 Thread exited: 0x0000026b9d1dacb0
Event: 12619.131 Thread 0x0000026b9d1de130 Thread exited: 0x0000026b9d1de130
Event: 12947.772 Thread 0x0000026b9c616890 Thread added: 0x0000026b9d1dc6f0
Event: 12947.793 Thread 0x0000026b9d1dc6f0 Thread added: 0x0000026b9d1de130
Event: 12948.416 Thread 0x0000026b9e856560 Thread exited: 0x0000026b9e856560
Event: 12979.298 Thread 0x0000026b9e857910 Thread exited: 0x0000026b9e857910
Event: 12988.618 Thread 0x0000026b9d1de130 Thread added: 0x0000026b9d1dacb0
Event: 12989.914 Thread 0x0000026b3e11e640 Thread added: 0x0000026b3e12aba0
Event: 12990.175 Thread 0x0000026b3e12aba0 Thread exited: 0x0000026b3e12aba0
Event: 12991.424 Thread 0x0000026b3e11e640 Thread added: 0x0000026b3e12aba0
Event: 12991.760 Thread 0x0000026b3e12aba0 Thread exited: 0x0000026b3e12aba0
Event: 12992.078 Thread 0x0000026b9e8516a0 Thread added: 0x0000026b9d1e15b0
Event: 12992.152 Thread 0x0000026b9d1e15b0 Thread added: 0x0000026b9d1e0200
Event: 12992.426 Thread 0x0000026b9d1e0200 Thread added: 0x0000026b9d1e0890
Event: 12992.505 Thread 0x0000026b9d1e15b0 Thread added: 0x0000026b9d1de7c0
Event: 12992.507 Thread 0x0000026b9d1e0890 Thread exited: 0x0000026b9d1e0890
Event: 12993.664 Thread 0x0000026b9d1de7c0 Thread exited: 0x0000026b9d1de7c0
Event: 13052.331 Thread 0x0000026b9d1de130 Thread exited: 0x0000026b9d1de130
Event: 13200.024 Thread 0x0000026b9d1dc6f0 Thread exited: 0x0000026b9d1dc6f0
Event: 13260.010 Thread 0x0000026b9d1dacb0 Thread exited: 0x0000026b9d1dacb0


Dynamic libraries:
0x00007ff7197f0000 - 0x00007ff7197fe000 	c:\Users\saise\.vscode\extensions\redhat.java-1.45.0-win32-x64\jre\21.0.8-win32-x86_64\bin\java.exe
0x00007ffb1bb40000 - 0x00007ffb1bda9000 	C:\WINDOWS\SYSTEM32\ntdll.dll
0x00007ffb1a1d0000 - 0x00007ffb1a299000 	C:\WINDOWS\System32\KERNEL32.DLL
0x00007ffb19070000 - 0x00007ffb19463000 	C:\WINDOWS\System32\KERNELBASE.dll
0x00007ffb19520000 - 0x00007ffb1966b000 	C:\WINDOWS\System32\ucrtbase.dll
0x00007ffafdf10000 - 0x00007ffafdf2e000 	c:\Users\saise\.vscode\extensions\redhat.java-1.45.0-win32-x64\jre\21.0.8-win32-x86_64\bin\VCRUNTIME140.dll
0x00007ffafe9d0000 - 0x00007ffafe9e8000 	c:\Users\saise\.vscode\extensions\redhat.java-1.45.0-win32-x64\jre\21.0.8-win32-x86_64\bin\jli.dll
0x00007ffb1ab80000 - 0x00007ffb1ad44000 	C:\WINDOWS\System32\USER32.dll
0x00007ffb19040000 - 0x00007ffb19067000 	C:\WINDOWS\System32\win32u.dll
0x00007ffb19910000 - 0x00007ffb1993b000 	C:\WINDOWS\System32\GDI32.dll
0x00007ffb18e50000 - 0x00007ffb18f7d000 	C:\WINDOWS\System32\gdi32full.dll
0x00007ffb19470000 - 0x00007ffb19513000 	C:\WINDOWS\System32\msvcp_win.dll
0x00007ffafb5a0000 - 0x00007ffafb833000 	C:\WINDOWS\WinSxS\amd64_microsoft.windows.common-controls_6595b64144ccf1df_6.0.26100.5074_none_3e0d6f78e32fd63f\COMCTL32.dll
0x00007ffb19de0000 - 0x00007ffb19e89000 	C:\WINDOWS\System32\msvcrt.dll
0x00007ffb19f30000 - 0x00007ffb19f5f000 	C:\WINDOWS\System32\IMM32.DLL
0x00007ffafe820000 - 0x00007ffafe82c000 	c:\Users\saise\.vscode\extensions\redhat.java-1.45.0-win32-x64\jre\21.0.8-win32-x86_64\bin\vcruntime140_1.dll
0x00007ffae1680000 - 0x00007ffae170d000 	c:\Users\saise\.vscode\extensions\redhat.java-1.45.0-win32-x64\jre\21.0.8-win32-x86_64\bin\msvcp140.dll
0x00007ffa62760000 - 0x00007ffa634f7000 	c:\Users\saise\.vscode\extensions\redhat.java-1.45.0-win32-x64\jre\21.0.8-win32-x86_64\bin\server\jvm.dll
0x00007ffb1a110000 - 0x00007ffb1a1c4000 	C:\WINDOWS\System32\ADVAPI32.dll
0x00007ffb1a060000 - 0x00007ffb1a106000 	C:\WINDOWS\System32\sechost.dll
0x00007ffb19940000 - 0x00007ffb19a58000 	C:\WINDOWS\System32\RPCRT4.dll
0x00007ffb1ba80000 - 0x00007ffb1baf4000 	C:\WINDOWS\System32\WS2_32.dll
0x00007ffb18b50000 - 0x00007ffb18bae000 	C:\WINDOWS\SYSTEM32\POWRPROF.dll
0x00007ffb12110000 - 0x00007ffb12145000 	C:\WINDOWS\SYSTEM32\WINMM.dll
0x00007ffaffc90000 - 0x00007ffaffc9b000 	C:\WINDOWS\SYSTEM32\VERSION.dll
0x00007ffb18b30000 - 0x00007ffb18b44000 	C:\WINDOWS\SYSTEM32\UMPDC.dll
0x00007ffb17a80000 - 0x00007ffb17a9b000 	C:\WINDOWS\SYSTEM32\kernel.appcore.dll
0x00007ffafe6e0000 - 0x00007ffafe6ea000 	c:\Users\saise\.vscode\extensions\redhat.java-1.45.0-win32-x64\jre\21.0.8-win32-x86_64\bin\jimage.dll
0x00007ffb15e80000 - 0x00007ffb160c2000 	C:\WINDOWS\SYSTEM32\DBGHELP.DLL
0x00007ffb19a60000 - 0x00007ffb19ddb000 	C:\WINDOWS\System32\combase.dll
0x00007ffb1ad50000 - 0x00007ffb1ae27000 	C:\WINDOWS\System32\OLEAUT32.dll
0x00007ffae1190000 - 0x00007ffae11cd000 	C:\WINDOWS\SYSTEM32\dbgcore.DLL
0x00007ffb19700000 - 0x00007ffb19799000 	C:\WINDOWS\System32\bcryptPrimitives.dll
0x00007ffafe540000 - 0x00007ffafe54f000 	c:\Users\saise\.vscode\extensions\redhat.java-1.45.0-win32-x64\jre\21.0.8-win32-x86_64\bin\instrument.dll
0x00007ffafde00000 - 0x00007ffafde1f000 	c:\Users\saise\.vscode\extensions\redhat.java-1.45.0-win32-x64\jre\21.0.8-win32-x86_64\bin\java.dll
0x00007ffb1a330000 - 0x00007ffb1aa7d000 	C:\WINDOWS\System32\SHELL32.dll
0x00007ffb197a0000 - 0x00007ffb1990c000 	C:\WINDOWS\System32\wintypes.dll
0x00007ffb168f0000 - 0x00007ffb17149000 	C:\WINDOWS\SYSTEM32\windows.storage.dll
0x00007ffb1aa80000 - 0x00007ffb1ab70000 	C:\WINDOWS\System32\SHCORE.dll
0x00007ffb19f70000 - 0x00007ffb19fd2000 	C:\WINDOWS\System32\shlwapi.dll
0x00007ffb18bc0000 - 0x00007ffb18be9000 	C:\WINDOWS\SYSTEM32\profapi.dll
0x00007ffafdde0000 - 0x00007ffafddf8000 	c:\Users\saise\.vscode\extensions\redhat.java-1.45.0-win32-x64\jre\21.0.8-win32-x86_64\bin\zip.dll
0x00007ffafddd0000 - 0x00007ffafdde0000 	C:\Users\saise\.vscode\extensions\redhat.java-1.45.0-win32-x64\jre\21.0.8-win32-x86_64\bin\net.dll
0x00007ffb092a0000 - 0x00007ffb093bf000 	C:\WINDOWS\SYSTEM32\WINHTTP.dll
0x00007ffb17ff0000 - 0x00007ffb1805b000 	C:\WINDOWS\system32\mswsock.dll
0x00007ffafddb0000 - 0x00007ffafddc6000 	C:\Users\saise\.vscode\extensions\redhat.java-1.45.0-win32-x64\jre\21.0.8-win32-x86_64\bin\nio.dll
0x00007ffafdc10000 - 0x00007ffafdc20000 	c:\Users\saise\.vscode\extensions\redhat.java-1.45.0-win32-x64\jre\21.0.8-win32-x86_64\bin\verify.dll
0x00007ffaf29a0000 - 0x00007ffaf29e4000 	C:\Users\saise\AppData\Roaming\Code\User\globalStorage\redhat.java\1.45.0\config_win\org.eclipse.equinox.launcher\org.eclipse.equinox.launcher.win32.win32.x86_64_1.2.1400.v20250801-0854\eclipse_11916.dll
0x00007ffb1ae90000 - 0x00007ffb1b028000 	C:\WINDOWS\System32\ole32.dll
0x00007ffb182d0000 - 0x00007ffb182eb000 	C:\WINDOWS\SYSTEM32\CRYPTSP.dll
0x00007ffb179d0000 - 0x00007ffb17a0b000 	C:\WINDOWS\system32\rsaenh.dll
0x00007ffb180b0000 - 0x00007ffb180db000 	C:\WINDOWS\SYSTEM32\USERENV.dll
0x00007ffb18bf0000 - 0x00007ffb18c16000 	C:\WINDOWS\SYSTEM32\bcrypt.dll
0x00007ffb182f0000 - 0x00007ffb182fc000 	C:\WINDOWS\SYSTEM32\CRYPTBASE.dll
0x00007ffb17410000 - 0x00007ffb17444000 	C:\WINDOWS\SYSTEM32\IPHLPAPI.DLL
0x00007ffb19f20000 - 0x00007ffb19f2a000 	C:\WINDOWS\System32\NSI.dll
0x00007ffaf1ec0000 - 0x00007ffaf1f09000 	C:\Users\saise\AppData\Local\Temp\jna-109199213\jna6294227806576469086.dll
0x00007ffb1b030000 - 0x00007ffb1b038000 	C:\WINDOWS\System32\PSAPI.DLL
0x00007ffb11690000 - 0x00007ffb116ae000 	C:\WINDOWS\SYSTEM32\dhcpcsvc6.DLL
0x00007ffb114a0000 - 0x00007ffb114c3000 	C:\WINDOWS\SYSTEM32\dhcpcsvc.DLL
0x00007ffafe7f0000 - 0x00007ffafe7f9000 	C:\Users\saise\.vscode\extensions\redhat.java-1.45.0-win32-x64\jre\21.0.8-win32-x86_64\bin\extnet.dll

JVMTI agents:
c:\Users\saise\.vscode\extensions\redhat.java-1.45.0-win32-x64\lombok\lombok-1.18.39-4050.jar path:c:\Users\saise\.vscode\extensions\redhat.java-1.45.0-win32-x64\jre\21.0.8-win32-x86_64\bin\instrument.dll, loaded, initialized, instrumentlib options:none

dbghelp: loaded successfully - version: 4.0.5 - missing functions: none
symbol engine: initialized successfully - sym options: 0x614 - pdb path: .;c:\Users\saise\.vscode\extensions\redhat.java-1.45.0-win32-x64\jre\21.0.8-win32-x86_64\bin;C:\WINDOWS\SYSTEM32;C:\WINDOWS\WinSxS\amd64_microsoft.windows.common-controls_6595b64144ccf1df_6.0.26100.5074_none_3e0d6f78e32fd63f;c:\Users\saise\.vscode\extensions\redhat.java-1.45.0-win32-x64\jre\21.0.8-win32-x86_64\bin\server;C:\Users\saise\AppData\Roaming\Code\User\globalStorage\redhat.java\1.45.0\config_win\org.eclipse.equinox.launcher\org.eclipse.equinox.launcher.win32.win32.x86_64_1.2.1400.v20250801-0854;C:\Users\saise\AppData\Local\Temp\jna-109199213

VM Arguments:
jvm_args: --add-modules=ALL-SYSTEM --add-opens=java.base/java.util=ALL-UNNAMED --add-opens=java.base/java.lang=ALL-UNNAMED --add-opens=java.base/sun.nio.fs=ALL-UNNAMED -Declipse.application=org.eclipse.jdt.ls.core.id1 -Dosgi.bundles.defaultStartLevel=4 -Declipse.product=org.eclipse.jdt.ls.core.product -Djava.import.generatesMetadataFilesAtProjectRoot=false -DDetectVMInstallationsJob.disabled=true -Dfile.encoding=utf8 -XX:+UseParallelGC -XX:GCTimeRatio=4 -XX:AdaptiveSizePolicyWeight=90 -Dsun.zip.disableMemoryMapping=true -Xmx2G -Xms100m -Xlog:disable -javaagent:c:\Users\saise\.vscode\extensions\redhat.java-1.45.0-win32-x64\lombok\lombok-1.18.39-4050.jar -XX:+HeapDumpOnOutOfMemoryError -XX:HeapDumpPath=c:\Users\saise\AppData\Roaming\Code\User\workspaceStorage\b80fb7e592a4633a8e6caa44db30aa53\redhat.java -Daether.dependencyCollector.impl=bf 
java_command: c:\Users\saise\.vscode\extensions\redhat.java-1.45.0-win32-x64\server\plugins\org.eclipse.equinox.launcher_1.7.0.v20250519-0528.jar -configuration c:\Users\saise\AppData\Roaming\Code\User\globalStorage\redhat.java\1.45.0\config_win -data c:\Users\saise\AppData\Roaming\Code\User\workspaceStorage\b80fb7e592a4633a8e6caa44db30aa53\redhat.java\jdt_ws --pipe=\\.\pipe\lsp-e54064ad1e453690ec0d50a216a27847-sock
java_class_path (initial): c:\Users\saise\.vscode\extensions\redhat.java-1.45.0-win32-x64\server\plugins\org.eclipse.equinox.launcher_1.7.0.v20250519-0528.jar
Launcher Type: SUN_STANDARD

[Global flags]
    uintx AdaptiveSizePolicyWeight                 = 90                                        {product} {command line}
     intx CICompilerCount                          = 4                                         {product} {ergonomic}
    uintx GCTimeRatio                              = 4                                         {product} {command line}
     bool HeapDumpOnOutOfMemoryError               = true                                   {manageable} {command line}
    ccstr HeapDumpPath                             = c:\Users\saise\AppData\Roaming\Code\User\workspaceStorage\b80fb7e592a4633a8e6caa44db30aa53\redhat.java         {manageable} {command line}
   size_t InitialHeapSize                          = 104857600                                 {product} {command line}
   size_t MaxHeapSize                              = 2147483648                                {product} {command line}
   size_t MaxNewSize                               = 715653120                                 {product} {ergonomic}
   size_t MinHeapDeltaBytes                        = 524288                                    {product} {ergonomic}
   size_t MinHeapSize                              = 104857600                                 {product} {command line}
   size_t NewSize                                  = 34603008                                  {product} {ergonomic}
    uintx NonNMethodCodeHeapSize                   = 5839372                                {pd product} {ergonomic}
    uintx NonProfiledCodeHeapSize                  = 122909434                              {pd product} {ergonomic}
   size_t OldSize                                  = 70254592                                  {product} {ergonomic}
    uintx ProfiledCodeHeapSize                     = 122909434                              {pd product} {ergonomic}
    uintx ReservedCodeCacheSize                    = 251658240                              {pd product} {ergonomic}
     bool SegmentedCodeCache                       = true                                      {product} {ergonomic}
   size_t SoftMaxHeapSize                          = 2147483648                             {manageable} {ergonomic}
     bool UseCompressedOops                        = true                           {product lp64_product} {ergonomic}
     bool UseLargePagesIndividualAllocation        = false                                  {pd product} {ergonomic}
     bool UseParallelGC                            = true                                      {product} {command line}

Logging:
Log output configuration:
 #0: stdout all=off uptime,level,tags foldmultilines=false
 #1: stderr all=off uptime,level,tags foldmultilines=false

Environment Variables:
PATH=C:\Program Files\Common Files\Oracle\Java\javapath;C:\Python313\Scripts\;C:\Python313\;C:\WINDOWS\system32;C:\WINDOWS;C:\WINDOWS\System32\Wbem;C:\WINDOWS\System32\WindowsPowerShell\v1.0\;C:\WINDOWS\System32\OpenSSH\;C:\Program Files\dotnet\;C:\Program Files\nodejs\;C:\ProgramData\chocolatey\bin;C:\Users\saise\AppData\Local\Microsoft\WindowsApps;C:\Users\saise\AppData\Local\Programs\Microsoft VS Code\bin;C:\Users\saise\AppData\Roaming\npm
USERNAME=saise
OS=Windows_NT
PROCESSOR_IDENTIFIER=Intel64 Family 6 Model 186 Stepping 3, GenuineIntel
TMP=C:\Users\saise\AppData\Local\Temp
TEMP=C:\Users\saise\AppData\Local\Temp




Periodic native trim disabled

---------------  S Y S T E M  ---------------

OS:
 Windows 11 , 64 bit Build 26100 (10.0.26100.5074)
OS uptime: 1 days 8:01 hours
Hyper-V role detected

CPU: total 12 (initial active 12) (6 cores per cpu, 2 threads per core) family 6 model 186 stepping 3 microcode 0x4128, cx8, cmov, fxsr, ht, mmx, 3dnowpref, sse, sse2, sse3, ssse3, sse4.1, sse4.2, popcnt, lzcnt, tsc, tscinvbit, avx, avx2, aes, erms, clmul, bmi1, bmi2, adx, sha, fma, vzeroupper, clflush, clflushopt, clwb, hv, serialize, rdtscp, rdpid, fsrm, f16c, cet_ibt, cet_ss
Processor Information for the first 12 processors :
  Max Mhz: 1300, Current Mhz: 1300, Mhz Limit: 1300

Memory: 4k page, system-wide physical 7876M (541M free)
TotalPageFile size 32452M (AvailPageFile size 0M)
current process WorkingSet (physical memory assigned to process): 6M, peak: 337M
current process commit charge ("private bytes"): 425M, peak: 448M

vm_info: OpenJDK 64-Bit Server VM (21.0.8+9-LTS) for windows-amd64 JRE (21.0.8+9-LTS), built on 2025-07-15T00:00:00Z by "admin" with MS VC++ 17.7 (VS2022)

END.
